<?xml version="1.0" encoding="UTF-8"?>
<testsuite xmlns:xsi="http://www.w3.org/2001/XMLSchema-instance" xsi:noNamespaceSchemaLocation="https://maven.apache.org/surefire/maven-surefire-plugin/xsd/surefire-test-report.xsd" name="HospitalTest" time="0.103" tests="3" errors="0" skipped="0" failures="2">
  <properties>
[...]
</properties>
  <testcase name="testTemperatureArrayLength" classname="HospitalTest" time="0.041"/>
  <testcase name="testGetReport" classname="HospitalTest" time="0.047">
    <failure message="Проверьте формат вывода, округление средней температуры и количество здоровых пациентов ==&gt; expected: &lt;Температуры пациентов: 32.1 33.1 32.5 33.5 34.5 36.5 38.5 39.5 33.3 32.7 36.9 36.5 34.3 37.5 32.5 32.5 32.4 34.5 35.4 32.5 34.5 39.4 32.5 36.5 36.4 39.6 37.5 32.5 37.5 39.4&#10;Средняя температура: 35.23&#10;Количество здоровых: 5&gt; but was: &lt;Температуры пациентов: 32.1 33.1 32.5 33.5 34.5 36.5 38.5 39.5 33.3 32.7 36.9 36.5 34.3 37.5 32.5 32.5 32.4 34.5 35.4 32.5 34.5 39.4 32.5 36.5 36.4 39.6 37.5 32.5 37.5 39.4 &#10;Средняя температура: 35.23&#10;Количество здоровых: 5&gt;" type="org.opentest4j.AssertionFailedError"><![CDATA[org.opentest4j.AssertionFailedError: 
Проверьте формат вывода, округление средней температуры и количество здоровых пациентов ==> expected: <Температуры пациентов: 32.1 33.1 32.5 33.5 34.5 36.5 38.5 39.5 33.3 32.7 36.9 36.5 34.3 37.5 32.5 32.5 32.4 34.5 35.4 32.5 34.5 39.4 32.5 36.5 36.4 39.6 37.5 32.5 37.5 39.4
Средняя температура: 35.23
Количество здоровых: 5> but was: <Температуры пациентов: 32.1 33.1 32.5 33.5 34.5 36.5 38.5 39.5 33.3 32.7 36.9 36.5 34.3 37.5 32.5 32.5 32.4 34.5 35.4 32.5 34.5 39.4 32.5 36.5 36.4 39.6 37.5 32.5 37.5 39.4 
Средняя температура: 35.23
Количество здоровых: 5>
	at HospitalTest.testGetReport(HospitalTest.java:53)
]]></failure>
  </testcase>
  <testcase name="testCollectDataContainsCorrectEntries" classname="HospitalTest" time="0">
    <failure message="Температуры выходят за предельные значения, actual - количество температур в требуемых диапазонах ==&gt; expected: &lt;100&gt; but was: &lt;90&gt;" type="org.opentest4j.AssertionFailedError"><![CDATA[org.opentest4j.AssertionFailedError: Температуры выходят за предельные значения, actual - количество температур в требуемых диапазонах ==> expected: <100> but was: <90>
	at HospitalTest.testCollectDataContainsCorrectEntries(HospitalTest.java:32)
]]></failure>
  </testcase>
</testsuite>