<?xml version="1.0" encoding="UTF-8"?>
<testsuite xmlns:xsi="http://www.w3.org/2001/XMLSchema-instance" xsi:noNamespaceSchemaLocation="https://maven.apache.org/surefire/maven-surefire-plugin/xsd/surefire-test-report.xsd" name="TodoListTest" time="0.102" tests="8" errors="1" skipped="0" failures="0">
  <properties>
[...]
</properties>
  <testcase name="editNotExistTodo" classname="TodoListTest" time="0.047"/>
  <testcase name="addThreeTodos" classname="TodoListTest" time="0"/>
  <testcase name="addTodoToNotExistIndex" classname="TodoListTest" time="0"/>
  <testcase name="deleteExistTodo" classname="TodoListTest" time="0"/>
  <testcase name="editExistTodo" classname="TodoListTest" time="0.016"/>
  <testcase name="addSingleTodo" classname="TodoListTest" time="0"/>
  <testcase name="deleteNotExistTodo" classname="TodoListTest" time="0.005">
    <error message="Index 5 out of bounds for length 5" type="java.lang.IndexOutOfBoundsException">java.lang.IndexOutOfBoundsException: Index 5 out of bounds for length 5
	at TodoListTest.deleteNotExistTodo(TodoListTest.java:75)
</error>
  </testcase>
  <testcase name="addTodoToExistIndex" classname="TodoListTest" time="0"/>
</testsuite>